<?xml version="1.0" encoding="UTF-8"?>
<testsuite xmlns:xsi="http://www.w3.org/2001/XMLSchema-instance" xsi:noNamespaceSchemaLocation="https://maven.apache.org/surefire/maven-surefire-plugin/xsd/surefire-test-report.xsd" name="dev.codescreen.BankLedgerAPI.service.DatabaseServiceTest" time="0.001" tests="5" errors="0" skipped="0" failures="0">
  <properties>
[...]
</properties>
  <testcase name="testCreateUserRecord" classname="dev.codescreen.BankLedgerAPI.service.DatabaseServiceTest" time="0"/>
  <testcase name="testClose" classname="dev.codescreen.BankLedgerAPI.service.DatabaseServiceTest" time="0"/>
  <testcase name="testOpen" classname="dev.codescreen.BankLedgerAPI.service.DatabaseServiceTest" time="0"/>
  <testcase name="testAppendEventRecord" classname="dev.codescreen.BankLedgerAPI.service.DatabaseServiceTest" time="0"/>
  <testcase name="testUpdateUserBalance" classname="dev.codescreen.BankLedgerAPI.service.DatabaseServiceTest" time="0"/>
</testsuite>